<?xml version="1.0" encoding="UTF-8"?>
<testsuite xmlns:xsi="http://www.w3.org/2001/XMLSchema-instance" xsi:noNamespaceSchemaLocation="https://maven.apache.org/surefire/maven-surefire-plugin/xsd/surefire-test-report.xsd" version="3.0.2" name="net.martinstech.talkback.service.GitHubServiceTest" time="0.015" tests="3" errors="0" skipped="0" failures="0">
  <properties>
[...]
</properties>
  <testcase name="shouldRejectNonPrUrl" classname="net.martinstech.talkback.service.GitHubServiceTest" time="0.004"/>
  <testcase name="shouldExtractChangedFiles" classname="net.martinstech.talkback.service.GitHubServiceTest" time="0.001"/>
  <testcase name="shouldParsePrUrl" classname="net.martinstech.talkback.service.GitHubServiceTest" time="0.003"/>
</testsuite>